{"C:\\Personal Programs\\mui-menubar\\src\\components\\CascadingMenu.tsx": {"path":"C:\\Personal Programs\\mui-menubar\\src\\components\\CascadingMenu.tsx","statementMap":{"0":{"start":{"line":5,"column":0},"end":{"line":5,"column":51}},"1":{"start":{"line":6,"column":0},"end":{"line":6,"column":64}},"2":{"start":{"line":8,"column":0},"end":{"line":8,"column":74}},"3":{"start":{"line":9,"column":0},"end":{"line":9,"column":60}},"4":{"start":{"line":10,"column":0},"end":{"line":10,"column":107}},"5":{"start":{"line":12,"column":0},"end":{"line":12,"column":46}},"6":{"start":{"line":13,"column":0},"end":{"line":13,"column":73}},"7":{"start":{"line":14,"column":0},"end":{"line":14,"column":56}},"8":{"start":{"line":17,"column":18},"end":{"line":17,"column":40}},"9":{"start":{"line":26,"column":4},"end":{"line":63,"column":1}},"10":{"start":{"line":27,"column":33},"end":{"line":27,"column":61}},"11":{"start":{"line":28,"column":23},"end":{"line":32,"column":6}},"12":{"start":{"line":35,"column":26},"end":{"line":35,"column":60}},"13":{"start":{"line":37,"column":4},"end":{"line":62,"column":6}},"14":{"start":{"line":66,"column":19},"end":{"line":71,"column":3}},"15":{"start":{"line":66,"column":44},"end":{"line":71,"column":2}},"16":{"start":{"line":73,"column":59},"end":{"line":178,"column":1}},"17":{"start":{"line":79,"column":21},"end":{"line":79,"column":null}},"18":{"start":{"line":80,"column":12},"end":{"line":81,"column":3}},"19":{"start":{"line":82,"column":31},"end":{"line":82,"column":59}},"20":{"start":{"line":83,"column":20},"end":{"line":88,"column":null}},"21":{"start":{"line":84,"column":15},"end":{"line":87,"column":10}},"22":{"start":{"line":91,"column":36},"end":{"line":99,"column":null}},"23":{"start":{"line":92,"column":14},"end":{"line":98,"column":null}},"24":{"start":{"line":102,"column":24},"end":{"line":106,"column":5}},"25":{"start":{"line":103,"column":8},"end":{"line":105,"column":9}},"26":{"start":{"line":104,"column":12},"end":{"line":104,"column":null}},"27":{"start":{"line":109,"column":8},"end":{"line":129,"column":null}},"28":{"start":{"line":112,"column":20},"end":{"line":126,"column":null}},"29":{"start":{"line":133,"column":4},"end":{"line":177,"column":null}},"30":{"start":{"line":73,"column":13},"end":{"line":73,"column":59}},"31":{"start":{"line":180,"column":0},"end":{"line":180,"column":9}},"32":{"start":{"line":180,"column":9},"end":{"line":180,"column":56}},"33":{"start":{"line":181,"column":0},"end":{"line":181,"column":9}},"34":{"start":{"line":181,"column":9},"end":{"line":181,"column":53}},"35":{"start":{"line":183,"column":0},"end":{"line":183,"column":29}}},"fnMap":{"0":{"name":"(anonymous_8)","decl":{"start":{"line":26,"column":4},"end":{"line":26,"column":5}},"loc":{"start":{"line":26,"column":72},"end":{"line":63,"column":1}}},"1":{"name":"(anonymous_9)","decl":{"start":{"line":66,"column":37},"end":{"line":66,"column":40}},"loc":{"start":{"line":66,"column":44},"end":{"line":71,"column":2}}},"2":{"name":"(anonymous_10)","decl":{"start":{"line":73,"column":59},"end":{"line":73,"column":60}},"loc":{"start":{"line":81,"column":5},"end":{"line":178,"column":1}}},"3":{"name":"(anonymous_11)","decl":{"start":{"line":84,"column":8},"end":{"line":84,"column":11}},"loc":{"start":{"line":84,"column":15},"end":{"line":87,"column":10}}},"4":{"name":"(anonymous_12)","decl":{"start":{"line":92,"column":8},"end":{"line":92,"column":11}},"loc":{"start":{"line":92,"column":13},"end":{"line":98,"column":null}}},"5":{"name":"(anonymous_13)","decl":{"start":{"line":102,"column":24},"end":{"line":102,"column":25}},"loc":{"start":{"line":102,"column":77},"end":{"line":106,"column":5}}},"6":{"name":"(anonymous_14)","decl":{"start":{"line":111,"column":31},"end":{"line":111,"column":32}},"loc":{"start":{"line":112,"column":20},"end":{"line":126,"column":null}}},"7":{"name":"(anonymous_15)","decl":{"start":{"line":180,"column":9},"end":{"line":180,"column":26}},"loc":{"start":{"line":180,"column":9},"end":{"line":180,"column":56}}},"8":{"name":"(anonymous_16)","decl":{"start":{"line":181,"column":9},"end":{"line":181,"column":25}},"loc":{"start":{"line":181,"column":9},"end":{"line":181,"column":53}}}},"branchMap":{"0":{"loc":{"start":{"line":26,"column":51},"end":{"line":26,"column":66}},"type":"default-arg","locations":[{"start":{"line":26,"column":62},"end":{"line":26,"column":66}}]},"1":{"loc":{"start":{"line":35,"column":26},"end":{"line":35,"column":60}},"type":"cond-expr","locations":[{"start":{"line":35,"column":37},"end":{"line":35,"column":46}},{"start":{"line":35,"column":49},"end":{"line":35,"column":60}}]},"2":{"loc":{"start":{"line":45,"column":21},"end":{"line":45,"column":67}},"type":"binary-expr","locations":[{"start":{"line":45,"column":21},"end":{"line":45,"column":25}},{"start":{"line":45,"column":29},"end":{"line":45,"column":67}}]},"3":{"loc":{"start":{"line":77,"column":4},"end":{"line":77,"column":21}},"type":"default-arg","locations":[{"start":{"line":77,"column":16},"end":{"line":77,"column":21}}]},"4":{"loc":{"start":{"line":78,"column":4},"end":{"line":78,"column":19}},"type":"default-arg","locations":[{"start":{"line":78,"column":15},"end":{"line":78,"column":19}}]},"5":{"loc":{"start":{"line":79,"column":4},"end":{"line":79,"column":21}},"type":"default-arg","locations":[{"start":{"line":79,"column":19},"end":{"line":79,"column":21}}]},"6":{"loc":{"start":{"line":85,"column":28},"end":{"line":85,"column":56}},"type":"binary-expr","locations":[{"start":{"line":85,"column":28},"end":{"line":85,"column":42}},{"start":{"line":85,"column":46},"end":{"line":85,"column":56}}]},"7":{"loc":{"start":{"line":97,"column":15},"end":{"line":97,"column":43}},"type":"cond-expr","locations":[{"start":{"line":97,"column":39},"end":{"line":97,"column":41}},{"start":{"line":97,"column":39},"end":{"line":97,"column":43}}]},"8":{"loc":{"start":{"line":97,"column":15},"end":{"line":97,"column":41}},"type":"binary-expr","locations":[{"start":{"line":97,"column":15},"end":{"line":97,"column":41}},{"start":{"line":97,"column":39},"end":{"line":97,"column":41}}]},"9":{"loc":{"start":{"line":97,"column":15},"end":{"line":97,"column":39}},"type":"cond-expr","locations":[{"start":{"line":97,"column":27},"end":{"line":97,"column":29}},{"start":{"line":97,"column":15},"end":{"line":97,"column":39}}]},"10":{"loc":{"start":{"line":97,"column":15},"end":{"line":97,"column":29}},"type":"binary-expr","locations":[{"start":{"line":97,"column":15},"end":{"line":97,"column":29}},{"start":{"line":97,"column":15},"end":{"line":97,"column":29}}]},"11":{"loc":{"start":{"line":99,"column":9},"end":{"line":99,"column":37}},"type":"cond-expr","locations":[{"start":{"line":99,"column":33},"end":{"line":99,"column":35}},{"start":{"line":99,"column":33},"end":{"line":99,"column":37}}]},"12":{"loc":{"start":{"line":99,"column":9},"end":{"line":99,"column":35}},"type":"binary-expr","locations":[{"start":{"line":99,"column":9},"end":{"line":99,"column":35}},{"start":{"line":99,"column":33},"end":{"line":99,"column":35}}]},"13":{"loc":{"start":{"line":99,"column":9},"end":{"line":99,"column":33}},"type":"cond-expr","locations":[{"start":{"line":99,"column":21},"end":{"line":99,"column":23}},{"start":{"line":99,"column":9},"end":{"line":99,"column":33}}]},"14":{"loc":{"start":{"line":99,"column":9},"end":{"line":99,"column":23}},"type":"binary-expr","locations":[{"start":{"line":99,"column":9},"end":{"line":99,"column":23}},{"start":{"line":99,"column":9},"end":{"line":99,"column":23}}]},"15":{"loc":{"start":{"line":103,"column":8},"end":{"line":105,"column":9}},"type":"if","locations":[{"start":{"line":103,"column":8},"end":{"line":105,"column":9}}]},"16":{"loc":{"start":{"line":103,"column":12},"end":{"line":103,"column":68}},"type":"binary-expr","locations":[{"start":{"line":103,"column":12},"end":{"line":103,"column":38}},{"start":{"line":103,"column":42},"end":{"line":103,"column":68}}]},"17":{"loc":{"start":{"line":112,"column":20},"end":{"line":126,"column":null}},"type":"cond-expr","locations":[{"start":{"line":113,"column":24},"end":{"line":115,"column":null}},{"start":{"line":122,"column":24},"end":{"line":123,"column":null}}]},"18":{"loc":{"start":{"line":133,"column":11},"end":{"line":176,"column":null}},"type":"cond-expr","locations":[{"start":{"line":134,"column":8},"end":{"line":147,"column":null}},{"start":{"line":150,"column":8},"end":{"line":175,"column":null}}]},"19":{"loc":{"start":{"line":138,"column":19},"end":{"line":138,"column":43}},"type":"cond-expr","locations":[{"start":{"line":138,"column":31},"end":{"line":138,"column":33}},{"start":{"line":138,"column":19},"end":{"line":138,"column":43}}]},"20":{"loc":{"start":{"line":138,"column":19},"end":{"line":138,"column":33}},"type":"binary-expr","locations":[{"start":{"line":138,"column":19},"end":{"line":138,"column":33}},{"start":{"line":138,"column":19},"end":{"line":138,"column":33}}]},"21":{"loc":{"start":{"line":159,"column":19},"end":{"line":159,"column":45}},"type":"cond-expr","locations":[{"start":{"line":159,"column":31},"end":{"line":159,"column":33}},{"start":{"line":159,"column":19},"end":{"line":159,"column":45}}]},"22":{"loc":{"start":{"line":159,"column":19},"end":{"line":159,"column":33}},"type":"binary-expr","locations":[{"start":{"line":159,"column":19},"end":{"line":159,"column":33}},{"start":{"line":159,"column":19},"end":{"line":159,"column":33}}]},"23":{"loc":{"start":{"line":164,"column":19},"end":{"line":164,"column":48}},"type":"cond-expr","locations":[{"start":{"line":164,"column":31},"end":{"line":164,"column":33}},{"start":{"line":164,"column":19},"end":{"line":164,"column":48}}]},"24":{"loc":{"start":{"line":164,"column":19},"end":{"line":164,"column":33}},"type":"binary-expr","locations":[{"start":{"line":164,"column":19},"end":{"line":164,"column":33}},{"start":{"line":164,"column":19},"end":{"line":164,"column":33}}]},"25":{"loc":{"start":{"line":167,"column":19},"end":{"line":167,"column":43}},"type":"cond-expr","locations":[{"start":{"line":167,"column":31},"end":{"line":167,"column":33}},{"start":{"line":167,"column":19},"end":{"line":167,"column":43}}]},"26":{"loc":{"start":{"line":167,"column":19},"end":{"line":167,"column":33}},"type":"binary-expr","locations":[{"start":{"line":167,"column":19},"end":{"line":167,"column":33}},{"start":{"line":167,"column":19},"end":{"line":167,"column":33}}]},"27":{"loc":{"start":{"line":172,"column":19},"end":{"line":172,"column":48}},"type":"cond-expr","locations":[{"start":{"line":172,"column":31},"end":{"line":172,"column":33}},{"start":{"line":172,"column":19},"end":{"line":172,"column":48}}]},"28":{"loc":{"start":{"line":172,"column":19},"end":{"line":172,"column":33}},"type":"binary-expr","locations":[{"start":{"line":172,"column":19},"end":{"line":172,"column":33}},{"start":{"line":172,"column":19},"end":{"line":172,"column":33}}]}},"s":{"0":3,"1":3,"2":3,"3":3,"4":3,"5":3,"6":3,"7":3,"8":3,"9":3,"10":24,"11":24,"12":24,"13":24,"14":3,"15":24,"16":3,"17":127,"18":125,"19":125,"20":125,"21":125,"22":125,"23":88,"24":125,"25":0,"26":0,"27":125,"28":327,"29":125,"30":3,"31":3,"32":6,"33":3,"34":19,"35":3},"f":{"0":24,"1":24,"2":127,"3":125,"4":88,"5":0,"6":327,"7":3,"8":16},"b":{"0":[0],"1":[23,1],"2":[24,10],"3":[101],"4":[14],"5":[124],"6":[125,88],"7":[87,1],"8":[88,88],"9":[0,88],"10":[88,88],"11":[124,1],"12":[125,125],"13":[0,125],"14":[125,125],"15":[0],"16":[0,0],"17":[53,274],"18":[24,101],"19":[0,24],"20":[24,24],"21":[0,101],"22":[101,101],"23":[0,101],"24":[101,101],"25":[0,101],"26":[101,101],"27":[0,101],"28":[101,101]}}
,"C:\\Personal Programs\\mui-menubar\\src\\components\\CascadingMenuItem.tsx": {"path":"C:\\Personal Programs\\mui-menubar\\src\\components\\CascadingMenuItem.tsx","statementMap":{"0":{"start":{"line":5,"column":0},"end":{"line":5,"column":42}},"1":{"start":{"line":6,"column":0},"end":{"line":6,"column":81}},"2":{"start":{"line":8,"column":0},"end":{"line":8,"column":73}},"3":{"start":{"line":10,"column":84},"end":{"line":63,"column":1}},"4":{"start":{"line":10,"column":100},"end":{"line":10,"column":105}},"5":{"start":{"line":10,"column":109},"end":{"line":10,"column":113}},"6":{"start":{"line":11,"column":49},"end":{"line":11,"column":77}},"7":{"start":{"line":12,"column":4},"end":{"line":12,"column":80}},"8":{"start":{"line":12,"column":25},"end":{"line":12,"column":80}},"9":{"start":{"line":13,"column":4},"end":{"line":13,"column":89}},"10":{"start":{"line":13,"column":27},"end":{"line":13,"column":89}},"11":{"start":{"line":15,"column":24},"end":{"line":21,"column":null}},"12":{"start":{"line":17,"column":12},"end":{"line":17,"column":47}},"13":{"start":{"line":17,"column":40},"end":{"line":17,"column":47}},"14":{"start":{"line":18,"column":12},"end":{"line":18,"column":40}},"15":{"start":{"line":19,"column":12},"end":{"line":19,"column":54}},"16":{"start":{"line":19,"column":40},"end":{"line":19,"column":54}},"17":{"start":{"line":24,"column":4},"end":{"line":26,"column":5}},"18":{"start":{"line":25,"column":8},"end":{"line":25,"column":27}},"19":{"start":{"line":28,"column":4},"end":{"line":41,"column":5}},"20":{"start":{"line":29,"column":8},"end":{"line":40,"column":10}},"21":{"start":{"line":43,"column":4},"end":{"line":60,"column":5}},"22":{"start":{"line":44,"column":8},"end":{"line":59,"column":10}},"23":{"start":{"line":62,"column":4},"end":{"line":62,"column":16}},"24":{"start":{"line":10,"column":13},"end":{"line":10,"column":84}}},"fnMap":{"0":{"name":"(anonymous_7)","decl":{"start":{"line":10,"column":84},"end":{"line":10,"column":85}},"loc":{"start":{"line":10,"column":115},"end":{"line":63,"column":1}}},"1":{"name":"(anonymous_8)","decl":{"start":{"line":16,"column":8},"end":{"line":16,"column":9}},"loc":{"start":{"line":16,"column":51},"end":{"line":20,"column":9}}}},"branchMap":{"0":{"loc":{"start":{"line":12,"column":4},"end":{"line":12,"column":80}},"type":"if","locations":[{"start":{"line":12,"column":4},"end":{"line":12,"column":80}}]},"1":{"loc":{"start":{"line":13,"column":4},"end":{"line":13,"column":89}},"type":"if","locations":[{"start":{"line":13,"column":4},"end":{"line":13,"column":89}}]},"2":{"loc":{"start":{"line":17,"column":12},"end":{"line":17,"column":47}},"type":"if","locations":[{"start":{"line":17,"column":12},"end":{"line":17,"column":47}}]},"3":{"loc":{"start":{"line":19,"column":12},"end":{"line":19,"column":54}},"type":"if","locations":[{"start":{"line":19,"column":12},"end":{"line":19,"column":54}}]},"4":{"loc":{"start":{"line":24,"column":4},"end":{"line":26,"column":5}},"type":"if","locations":[{"start":{"line":24,"column":4},"end":{"line":26,"column":5}}]},"5":{"loc":{"start":{"line":28,"column":4},"end":{"line":41,"column":5}},"type":"if","locations":[{"start":{"line":28,"column":4},"end":{"line":41,"column":5}}]},"6":{"loc":{"start":{"line":43,"column":4},"end":{"line":60,"column":5}},"type":"if","locations":[{"start":{"line":43,"column":4},"end":{"line":60,"column":5}}]},"7":{"loc":{"start":{"line":51,"column":17},"end":{"line":51,"column":59}},"type":"binary-expr","locations":[{"start":{"line":51,"column":17},"end":{"line":51,"column":26}},{"start":{"line":51,"column":30},"end":{"line":51,"column":59}}]},"8":{"loc":{"start":{"line":53,"column":17},"end":{"line":56,"column":null}},"type":"binary-expr","locations":[{"start":{"line":53,"column":17},"end":{"line":53,"column":30}},{"start":{"line":54,"column":20},"end":{"line":55,"column":null}}]}},"s":{"0":3,"1":3,"2":3,"3":3,"4":87,"5":85,"6":85,"7":85,"8":0,"9":85,"10":0,"11":85,"12":3,"13":0,"14":3,"15":3,"16":3,"17":85,"18":17,"19":68,"20":1,"21":67,"22":66,"23":1,"24":3},"f":{"0":87,"1":3},"b":{"0":[0],"1":[0],"2":[0],"3":[3],"4":[17],"5":[1],"6":[66],"7":[66,8],"8":[66,10]}}
,"C:\\Personal Programs\\mui-menubar\\src\\components\\CascadingShared.tsx": {"path":"C:\\Personal Programs\\mui-menubar\\src\\components\\CascadingShared.tsx","statementMap":{"0":{"start":{"line":19,"column":0},"end":{"line":19,"column":16}},"1":{"start":{"line":6,"column":0},"end":{"line":6,"column":26}},"2":{"start":{"line":7,"column":0},"end":{"line":7,"column":45}},"3":{"start":{"line":12,"column":31},"end":{"line":12,"column":61}},"4":{"start":{"line":14,"column":13},"end":{"line":17,"column":3}},"5":{"start":{"line":20,"column":4},"end":{"line":24,"column":6}}},"fnMap":{"0":{"name":"renderListItemIcon","decl":{"start":{"line":19,"column":16},"end":{"line":19,"column":34}},"loc":{"start":{"line":19,"column":77},"end":{"line":25,"column":1}}}},"branchMap":{"0":{"loc":{"start":{"line":22,"column":13},"end":{"line":22,"column":125}},"type":"cond-expr","locations":[{"start":{"line":22,"column":42},"end":{"line":22,"column":118}},{"start":{"line":22,"column":121},"end":{"line":22,"column":125}}]}},"s":{"0":4,"1":4,"2":4,"3":4,"4":4,"5":19},"f":{"0":19},"b":{"0":[18,1]}}
,"C:\\Personal Programs\\mui-menubar\\src\\components\\MainMenuRenderer.tsx": {"path":"C:\\Personal Programs\\mui-menubar\\src\\components\\MainMenuRenderer.tsx","statementMap":{"0":{"start":{"line":5,"column":0},"end":{"line":5,"column":26}},"1":{"start":{"line":6,"column":0},"end":{"line":6,"column":48}},"2":{"start":{"line":7,"column":0},"end":{"line":7,"column":88}},"3":{"start":{"line":8,"column":0},"end":{"line":8,"column":44}},"4":{"start":{"line":10,"column":0},"end":{"line":10,"column":74}},"5":{"start":{"line":13,"column":65},"end":{"line":57,"column":1}},"6":{"start":{"line":14,"column":4},"end":{"line":56,"column":6}},"7":{"start":{"line":17,"column":35},"end":{"line":20,"column":18}},"8":{"start":{"line":22,"column":16},"end":{"line":53,"column":18}},"9":{"start":{"line":13,"column":13},"end":{"line":13,"column":65}}},"fnMap":{"0":{"name":"(anonymous_1)","decl":{"start":{"line":13,"column":65},"end":{"line":13,"column":66}},"loc":{"start":{"line":13,"column":99},"end":{"line":57,"column":1}}},"1":{"name":"(anonymous_2)","decl":{"start":{"line":16,"column":28},"end":{"line":16,"column":29}},"loc":{"start":{"line":16,"column":44},"end":{"line":54,"column":13}}}},"branchMap":{"0":{"loc":{"start":{"line":29,"column":49},"end":{"line":29,"column":102}},"type":"cond-expr","locations":[{"start":{"line":29,"column":69},"end":{"line":29,"column":86}},{"start":{"line":29,"column":89},"end":{"line":29,"column":102}}]},"1":{"loc":{"start":{"line":31,"column":53},"end":{"line":31,"column":107}},"type":"cond-expr","locations":[{"start":{"line":31,"column":73},"end":{"line":31,"column":90}},{"start":{"line":31,"column":93},"end":{"line":31,"column":107}}]}},"s":{"0":2,"1":2,"2":2,"3":2,"4":2,"5":2,"6":48,"7":83,"8":83,"9":2},"f":{"0":48,"1":83},"b":{"0":[14,69],"1":[14,69]}}
,"C:\\Personal Programs\\mui-menubar\\src\\components\\MenuBar.tsx": {"path":"C:\\Personal Programs\\mui-menubar\\src\\components\\MenuBar.tsx","statementMap":{"0":{"start":{"line":7,"column":0},"end":{"line":7,"column":57}},"1":{"start":{"line":9,"column":0},"end":{"line":9,"column":42}},"2":{"start":{"line":10,"column":0},"end":{"line":10,"column":54}},"3":{"start":{"line":12,"column":47},"end":{"line":48,"column":1}},"4":{"start":{"line":13,"column":23},"end":{"line":13,"column":64}},"5":{"start":{"line":16,"column":4},"end":{"line":16,"column":31}},"6":{"start":{"line":18,"column":4},"end":{"line":24,"column":5}},"7":{"start":{"line":19,"column":8},"end":{"line":23,"column":10}},"8":{"start":{"line":26,"column":4},"end":{"line":47,"column":6}},"9":{"start":{"line":12,"column":13},"end":{"line":12,"column":47}},"10":{"start":{"line":50,"column":0},"end":{"line":50,"column":23}}},"fnMap":{"0":{"name":"(anonymous_0)","decl":{"start":{"line":12,"column":47},"end":{"line":12,"column":48}},"loc":{"start":{"line":12,"column":109},"end":{"line":48,"column":1}}}},"branchMap":{"0":{"loc":{"start":{"line":12,"column":50},"end":{"line":12,"column":61}},"type":"default-arg","locations":[{"start":{"line":12,"column":59},"end":{"line":12,"column":61}}]},"1":{"loc":{"start":{"line":12,"column":63},"end":{"line":12,"column":84}},"type":"default-arg","locations":[{"start":{"line":12,"column":71},"end":{"line":12,"column":84}}]},"2":{"loc":{"start":{"line":13,"column":23},"end":{"line":13,"column":64}},"type":"cond-expr","locations":[{"start":{"line":13,"column":47},"end":{"line":13,"column":53}},{"start":{"line":13,"column":56},"end":{"line":13,"column":64}}]},"3":{"loc":{"start":{"line":18,"column":4},"end":{"line":24,"column":5}},"type":"if","locations":[{"start":{"line":18,"column":4},"end":{"line":24,"column":5}}]}},"s":{"0":1,"1":1,"2":1,"3":1,"4":30,"5":30,"6":30,"7":2,"8":28,"9":1,"10":1},"f":{"0":30},"b":{"0":[1],"1":[28],"2":[29,1],"3":[2]}}
,"C:\\Personal Programs\\mui-menubar\\src\\components\\SubmenuRenderer.tsx": {"path":"C:\\Personal Programs\\mui-menubar\\src\\components\\SubmenuRenderer.tsx","statementMap":{"0":{"start":{"line":12,"column":0},"end":{"line":12,"column":16}},"1":{"start":{"line":6,"column":0},"end":{"line":6,"column":55}},"2":{"start":{"line":7,"column":0},"end":{"line":7,"column":69}},"3":{"start":{"line":8,"column":0},"end":{"line":8,"column":60}},"4":{"start":{"line":10,"column":0},"end":{"line":10,"column":55}},"5":{"start":{"line":13,"column":4},"end":{"line":25,"column":6}}},"fnMap":{"0":{"name":"SubmenuRenderer","decl":{"start":{"line":12,"column":16},"end":{"line":12,"column":31}},"loc":{"start":{"line":12,"column":95},"end":{"line":26,"column":1}}}},"branchMap":{"0":{"loc":{"start":{"line":21,"column":13},"end":{"line":21,"column":84}},"type":"binary-expr","locations":[{"start":{"line":21,"column":13},"end":{"line":21,"column":22}},{"start":{"line":21,"column":26},"end":{"line":21,"column":84}}]}},"s":{"0":1,"1":1,"2":1,"3":1,"4":1,"5":5},"f":{"0":5},"b":{"0":[5,1]}}
,"C:\\Personal Programs\\mui-menubar\\src\\utils\\index.ts": {"path":"C:\\Personal Programs\\mui-menubar\\src\\utils\\index.ts","statementMap":{"0":{"start":{"line":1,"column":0},"end":{"line":1,"column":9}},"1":{"start":{"line":1,"column":9},"end":{"line":1,"column":25}},"2":{"start":{"line":1,"column":25},"end":{"line":1,"column":52}}},"fnMap":{"0":{"name":"(anonymous_0)","decl":{"start":{"line":1,"column":9},"end":{"line":1,"column":23}},"loc":{"start":{"line":1,"column":9},"end":{"line":1,"column":25}}},"1":{"name":"(anonymous_1)","decl":{"start":{"line":1,"column":25},"end":{"line":1,"column":34}},"loc":{"start":{"line":1,"column":25},"end":{"line":1,"column":52}}}},"branchMap":{},"s":{"0":2,"1":37,"2":4},"f":{"0":35,"1":2},"b":{}}
,"C:\\Personal Programs\\mui-menubar\\src\\utils\\utils.ts": {"path":"C:\\Personal Programs\\mui-menubar\\src\\utils\\utils.ts","statementMap":{"0":{"start":{"line":7,"column":0},"end":{"line":7,"column":43}},"1":{"start":{"line":16,"column":4},"end":{"line":16,"column":150}},"2":{"start":{"line":26,"column":30},"end":{"line":64,"column":1}},"3":{"start":{"line":27,"column":29},"end":{"line":40,"column":16}},"4":{"start":{"line":28,"column":20},"end":{"line":28,"column":49}},"5":{"start":{"line":29,"column":8},"end":{"line":38,"column":11}},"6":{"start":{"line":30,"column":12},"end":{"line":37,"column":15}},"7":{"start":{"line":31,"column":16},"end":{"line":36,"column":17}},"8":{"start":{"line":32,"column":39},"end":{"line":32,"column":71}},"9":{"start":{"line":33,"column":20},"end":{"line":35,"column":21}},"10":{"start":{"line":34,"column":24},"end":{"line":34,"column":57}},"11":{"start":{"line":39,"column":8},"end":{"line":39,"column":19}},"12":{"start":{"line":42,"column":4},"end":{"line":63,"column":27}},"13":{"start":{"line":43,"column":8},"end":{"line":45,"column":9}},"14":{"start":{"line":44,"column":12},"end":{"line":44,"column":19}},"15":{"start":{"line":47,"column":24},"end":{"line":57,"column":9}},"16":{"start":{"line":48,"column":28},"end":{"line":48,"column":50}},"17":{"start":{"line":49,"column":12},"end":{"line":51,"column":13}},"18":{"start":{"line":50,"column":16},"end":{"line":50,"column":23}},"19":{"start":{"line":52,"column":27},"end":{"line":52,"column":56}},"20":{"start":{"line":53,"column":12},"end":{"line":56,"column":13}},"21":{"start":{"line":54,"column":16},"end":{"line":54,"column":39}},"22":{"start":{"line":55,"column":16},"end":{"line":55,"column":25}},"23":{"start":{"line":59,"column":8},"end":{"line":59,"column":54}},"24":{"start":{"line":60,"column":8},"end":{"line":62,"column":10}},"25":{"start":{"line":61,"column":12},"end":{"line":61,"column":61}},"26":{"start":{"line":26,"column":13},"end":{"line":26,"column":30}},"27":{"start":{"line":67,"column":20},"end":{"line":67,"column":66}},"28":{"start":{"line":68,"column":4},"end":{"line":68,"column":30}},"29":{"start":{"line":68,"column":18},"end":{"line":68,"column":30}},"30":{"start":{"line":69,"column":18},"end":{"line":69,"column":36}},"31":{"start":{"line":70,"column":22},"end":{"line":70,"column":39}},"32":{"start":{"line":71,"column":29},"end":{"line":71,"column":33}},"33":{"start":{"line":73,"column":4},"end":{"line":95,"column":7}},"34":{"start":{"line":74,"column":8},"end":{"line":94,"column":9}},"35":{"start":{"line":77,"column":16},"end":{"line":77,"column":38}},"36":{"start":{"line":78,"column":16},"end":{"line":78,"column":22}},"37":{"start":{"line":81,"column":16},"end":{"line":81,"column":37}},"38":{"start":{"line":82,"column":16},"end":{"line":82,"column":22}},"39":{"start":{"line":84,"column":16},"end":{"line":84,"column":39}},"40":{"start":{"line":85,"column":16},"end":{"line":85,"column":22}},"41":{"start":{"line":90,"column":16},"end":{"line":90,"column":38}},"42":{"start":{"line":91,"column":16},"end":{"line":91,"column":22}},"43":{"start":{"line":93,"column":16},"end":{"line":93,"column":27}},"44":{"start":{"line":97,"column":29},"end":{"line":97,"column":93}},"45":{"start":{"line":97,"column":76},"end":{"line":97,"column":92}},"46":{"start":{"line":98,"column":23},"end":{"line":98,"column":39}},"47":{"start":{"line":99,"column":4},"end":{"line":99,"column":66}},"48":{"start":{"line":99,"column":54},"end":{"line":99,"column":66}},"49":{"start":{"line":100,"column":4},"end":{"line":100,"column":130}},"50":{"start":{"line":104,"column":32},"end":{"line":104,"column":34}},"51":{"start":{"line":105,"column":4},"end":{"line":105,"column":46}},"52":{"start":{"line":105,"column":23},"end":{"line":105,"column":46}},"53":{"start":{"line":106,"column":4},"end":{"line":106,"column":44}},"54":{"start":{"line":106,"column":22},"end":{"line":106,"column":44}},"55":{"start":{"line":107,"column":4},"end":{"line":107,"column":48}},"56":{"start":{"line":107,"column":24},"end":{"line":107,"column":48}},"57":{"start":{"line":108,"column":4},"end":{"line":108,"column":46}},"58":{"start":{"line":108,"column":23},"end":{"line":108,"column":46}},"59":{"start":{"line":110,"column":16},"end":{"line":110,"column":47}},"60":{"start":{"line":111,"column":4},"end":{"line":113,"column":5}},"61":{"start":{"line":112,"column":8},"end":{"line":112,"column":61}},"62":{"start":{"line":114,"column":4},"end":{"line":114,"column":69}},"63":{"start":{"line":122,"column":25},"end":{"line":124,"column":1}},"64":{"start":{"line":123,"column":4},"end":{"line":123,"column":39}},"65":{"start":{"line":122,"column":13},"end":{"line":122,"column":25}}},"fnMap":{"0":{"name":"hasShortcutAndAction","decl":{"start":{"line":15,"column":9},"end":{"line":15,"column":29}},"loc":{"start":{"line":15,"column":45},"end":{"line":17,"column":1}}},"1":{"name":"(anonymous_1)","decl":{"start":{"line":26,"column":30},"end":{"line":26,"column":31}},"loc":{"start":{"line":26,"column":55},"end":{"line":64,"column":1}}},"2":{"name":"(anonymous_2)","decl":{"start":{"line":27,"column":37},"end":{"line":27,"column":40}},"loc":{"start":{"line":27,"column":42},"end":{"line":40,"column":5}}},"3":{"name":"(anonymous_3)","decl":{"start":{"line":29,"column":23},"end":{"line":29,"column":24}},"loc":{"start":{"line":29,"column":32},"end":{"line":38,"column":9}}},"4":{"name":"(anonymous_4)","decl":{"start":{"line":30,"column":31},"end":{"line":30,"column":32}},"loc":{"start":{"line":30,"column":40},"end":{"line":37,"column":13}}},"5":{"name":"(anonymous_5)","decl":{"start":{"line":42,"column":14},"end":{"line":42,"column":17}},"loc":{"start":{"line":42,"column":19},"end":{"line":63,"column":5}}},"6":{"name":"(anonymous_6)","decl":{"start":{"line":47,"column":24},"end":{"line":47,"column":25}},"loc":{"start":{"line":47,"column":49},"end":{"line":57,"column":9}}},"7":{"name":"(anonymous_7)","decl":{"start":{"line":60,"column":15},"end":{"line":60,"column":18}},"loc":{"start":{"line":60,"column":20},"end":{"line":62,"column":9}}},"8":{"name":"normalizeShortcut","decl":{"start":{"line":66,"column":9},"end":{"line":66,"column":26}},"loc":{"start":{"line":66,"column":40},"end":{"line":101,"column":1}}},"9":{"name":"(anonymous_9)","decl":{"start":{"line":73,"column":18},"end":{"line":73,"column":19}},"loc":{"start":{"line":73,"column":27},"end":{"line":95,"column":5}}},"10":{"name":"(anonymous_10)","decl":{"start":{"line":97,"column":69},"end":{"line":97,"column":70}},"loc":{"start":{"line":97,"column":76},"end":{"line":97,"column":92}}},"11":{"name":"eventToShortcut","decl":{"start":{"line":103,"column":9},"end":{"line":103,"column":24}},"loc":{"start":{"line":103,"column":45},"end":{"line":115,"column":1}}},"12":{"name":"(anonymous_12)","decl":{"start":{"line":122,"column":25},"end":{"line":122,"column":26}},"loc":{"start":{"line":122,"column":78},"end":{"line":124,"column":1}}}},"branchMap":{"0":{"loc":{"start":{"line":16,"column":11},"end":{"line":16,"column":149}},"type":"binary-expr","locations":[{"start":{"line":16,"column":11},"end":{"line":16,"column":33}},{"start":{"line":16,"column":37},"end":{"line":16,"column":53}},{"start":{"line":16,"column":57},"end":{"line":16,"column":90}},{"start":{"line":16,"column":94},"end":{"line":16,"column":112}},{"start":{"line":16,"column":116},"end":{"line":16,"column":149}}]},"1":{"loc":{"start":{"line":31,"column":16},"end":{"line":36,"column":17}},"type":"if","locations":[{"start":{"line":31,"column":16},"end":{"line":36,"column":17}}]},"2":{"loc":{"start":{"line":33,"column":20},"end":{"line":35,"column":21}},"type":"if","locations":[{"start":{"line":33,"column":20},"end":{"line":35,"column":21}}]},"3":{"loc":{"start":{"line":43,"column":8},"end":{"line":45,"column":9}},"type":"if","locations":[{"start":{"line":43,"column":8},"end":{"line":45,"column":9}}]},"4":{"loc":{"start":{"line":49,"column":12},"end":{"line":51,"column":13}},"type":"if","locations":[{"start":{"line":49,"column":12},"end":{"line":51,"column":13}}]},"5":{"loc":{"start":{"line":53,"column":12},"end":{"line":56,"column":13}},"type":"if","locations":[{"start":{"line":53,"column":12},"end":{"line":56,"column":13}}]},"6":{"loc":{"start":{"line":68,"column":4},"end":{"line":68,"column":30}},"type":"if","locations":[{"start":{"line":68,"column":4},"end":{"line":68,"column":30}}]},"7":{"loc":{"start":{"line":74,"column":8},"end":{"line":94,"column":9}},"type":"switch","locations":[{"start":{"line":75,"column":12},"end":{"line":75,"column":24}},{"start":{"line":76,"column":12},"end":{"line":78,"column":22}},{"start":{"line":79,"column":12},"end":{"line":79,"column":23}},{"start":{"line":80,"column":12},"end":{"line":82,"column":22}},{"start":{"line":83,"column":12},"end":{"line":85,"column":22}},{"start":{"line":86,"column":12},"end":{"line":86,"column":24}},{"start":{"line":87,"column":12},"end":{"line":87,"column":23}},{"start":{"line":88,"column":12},"end":{"line":88,"column":27}},{"start":{"line":89,"column":12},"end":{"line":91,"column":22}},{"start":{"line":92,"column":12},"end":{"line":93,"column":27}}]},"8":{"loc":{"start":{"line":98,"column":23},"end":{"line":98,"column":39}},"type":"cond-expr","locations":[{"start":{"line":98,"column":29},"end":{"line":98,"column":32}},{"start":{"line":98,"column":35},"end":{"line":98,"column":39}}]},"9":{"loc":{"start":{"line":99,"column":4},"end":{"line":99,"column":66}},"type":"if","locations":[{"start":{"line":99,"column":4},"end":{"line":99,"column":66}}]},"10":{"loc":{"start":{"line":99,"column":8},"end":{"line":99,"column":52}},"type":"binary-expr","locations":[{"start":{"line":99,"column":8},"end":{"line":99,"column":19}},{"start":{"line":99,"column":23},"end":{"line":99,"column":52}}]},"11":{"loc":{"start":{"line":100,"column":12},"end":{"line":100,"column":95}},"type":"cond-expr","locations":[{"start":{"line":100,"column":38},"end":{"line":100,"column":90}},{"start":{"line":100,"column":93},"end":{"line":100,"column":95}}]},"12":{"loc":{"start":{"line":100,"column":68},"end":{"line":100,"column":89}},"type":"cond-expr","locations":[{"start":{"line":100,"column":81},"end":{"line":100,"column":84}},{"start":{"line":100,"column":87},"end":{"line":100,"column":89}}]},"13":{"loc":{"start":{"line":100,"column":100},"end":{"line":100,"column":128}},"type":"cond-expr","locations":[{"start":{"line":100,"column":113},"end":{"line":100,"column":123}},{"start":{"line":100,"column":126},"end":{"line":100,"column":128}}]},"14":{"loc":{"start":{"line":105,"column":4},"end":{"line":105,"column":46}},"type":"if","locations":[{"start":{"line":105,"column":4},"end":{"line":105,"column":46}}]},"15":{"loc":{"start":{"line":106,"column":4},"end":{"line":106,"column":44}},"type":"if","locations":[{"start":{"line":106,"column":4},"end":{"line":106,"column":44}}]},"16":{"loc":{"start":{"line":107,"column":4},"end":{"line":107,"column":48}},"type":"if","locations":[{"start":{"line":107,"column":4},"end":{"line":107,"column":48}}]},"17":{"loc":{"start":{"line":108,"column":4},"end":{"line":108,"column":46}},"type":"if","locations":[{"start":{"line":108,"column":4},"end":{"line":108,"column":46}}]},"18":{"loc":{"start":{"line":110,"column":17},"end":{"line":110,"column":32}},"type":"binary-expr","locations":[{"start":{"line":110,"column":17},"end":{"line":110,"column":26}},{"start":{"line":110,"column":30},"end":{"line":110,"column":32}}]},"19":{"loc":{"start":{"line":111,"column":4},"end":{"line":113,"column":5}},"type":"if","locations":[{"start":{"line":111,"column":4},"end":{"line":113,"column":5}}]},"20":{"loc":{"start":{"line":111,"column":8},"end":{"line":111,"column":87}},"type":"binary-expr","locations":[{"start":{"line":111,"column":8},"end":{"line":111,"column":12}},{"start":{"line":111,"column":16},"end":{"line":111,"column":33}},{"start":{"line":111,"column":37},"end":{"line":111,"column":52}},{"start":{"line":111,"column":56},"end":{"line":111,"column":69}},{"start":{"line":111,"column":73},"end":{"line":111,"column":87}}]},"21":{"loc":{"start":{"line":112,"column":15},"end":{"line":112,"column":60}},"type":"cond-expr","locations":[{"start":{"line":112,"column":34},"end":{"line":112,"column":53}},{"start":{"line":112,"column":56},"end":{"line":112,"column":60}}]},"22":{"loc":{"start":{"line":114,"column":12},"end":{"line":114,"column":61}},"type":"cond-expr","locations":[{"start":{"line":114,"column":31},"end":{"line":114,"column":56}},{"start":{"line":114,"column":59},"end":{"line":114,"column":61}}]}},"s":{"0":2,"1":177,"2":2,"3":35,"4":35,"5":35,"6":57,"7":177,"8":29,"9":29,"10":28,"11":35,"12":35,"13":35,"14":7,"15":28,"16":4,"17":4,"18":1,"19":3,"20":3,"21":2,"22":2,"23":28,"24":28,"25":28,"26":2,"27":29,"28":29,"29":1,"30":28,"31":28,"32":28,"33":28,"34":58,"35":27,"36":27,"37":1,"38":1,"39":1,"40":1,"41":1,"42":1,"43":28,"44":28,"45":112,"46":28,"47":28,"48":0,"49":28,"50":4,"51":4,"52":2,"53":4,"54":1,"55":4,"56":1,"57":4,"58":1,"59":4,"60":4,"61":2,"62":2,"63":2,"64":2,"65":2},"f":{"0":177,"1":35,"2":35,"3":57,"4":177,"5":35,"6":4,"7":28,"8":29,"9":58,"10":112,"11":4,"12":2},"b":{"0":[177,127,127,127,29],"1":[29],"2":[28],"3":[7],"4":[1],"5":[2],"6":[1],"7":[27,27,0,1,1,0,0,1,1,28],"8":[28,0],"9":[0],"10":[28,0],"11":[28,0],"12":[28,0],"13":[28,0],"14":[2],"15":[1],"16":[1],"17":[1],"18":[4,1],"19":[2],"20":[4,3,2,2,2],"21":[1,1],"22":[2,0]}}
}
