TN:
SF:src\components\CascadingMenu.tsx
FN:26,(anonymous_8)
FN:66,(anonymous_9)
FN:73,(anonymous_10)
FN:84,(anonymous_11)
FN:92,(anonymous_12)
FN:102,(anonymous_13)
FN:111,(anonymous_14)
FN:180,(anonymous_15)
FN:181,(anonymous_16)
FNF:9
FNH:8
FNDA:24,(anonymous_8)
FNDA:24,(anonymous_9)
FNDA:127,(anonymous_10)
FNDA:125,(anonymous_11)
FNDA:88,(anonymous_12)
FNDA:0,(anonymous_13)
FNDA:327,(anonymous_14)
FNDA:3,(anonymous_15)
FNDA:16,(anonymous_16)
DA:5,3
DA:6,3
DA:8,3
DA:9,3
DA:10,3
DA:12,3
DA:13,3
DA:14,3
DA:17,3
DA:26,3
DA:27,24
DA:28,24
DA:35,24
DA:37,24
DA:66,24
DA:73,3
DA:79,127
DA:80,125
DA:82,125
DA:83,125
DA:84,125
DA:91,125
DA:92,88
DA:102,125
DA:103,0
DA:104,0
DA:109,125
DA:112,327
DA:133,125
DA:180,6
DA:181,19
DA:183,3
LF:32
LH:30
BRDA:26,0,0,0
BRDA:35,1,0,23
BRDA:35,1,1,1
BRDA:45,2,0,24
BRDA:45,2,1,10
BRDA:77,3,0,101
BRDA:78,4,0,14
BRDA:79,5,0,124
BRDA:85,6,0,125
BRDA:85,6,1,88
BRDA:97,7,0,87
BRDA:97,7,1,1
BRDA:97,8,0,88
BRDA:97,8,1,88
BRDA:97,9,0,0
BRDA:97,9,1,88
BRDA:97,10,0,88
BRDA:97,10,1,88
BRDA:99,11,0,124
BRDA:99,11,1,1
BRDA:99,12,0,125
BRDA:99,12,1,125
BRDA:99,13,0,0
BRDA:99,13,1,125
BRDA:99,14,0,125
BRDA:99,14,1,125
BRDA:103,15,0,0
BRDA:103,16,0,0
BRDA:103,16,1,0
BRDA:112,17,0,53
BRDA:112,17,1,274
BRDA:133,18,0,24
BRDA:133,18,1,101
BRDA:138,19,0,0
BRDA:138,19,1,24
BRDA:138,20,0,24
BRDA:138,20,1,24
BRDA:159,21,0,0
BRDA:159,21,1,101
BRDA:159,22,0,101
BRDA:159,22,1,101
BRDA:164,23,0,0
BRDA:164,23,1,101
BRDA:164,24,0,101
BRDA:164,24,1,101
BRDA:167,25,0,0
BRDA:167,25,1,101
BRDA:167,26,0,101
BRDA:167,26,1,101
BRDA:172,27,0,0
BRDA:172,27,1,101
BRDA:172,28,0,101
BRDA:172,28,1,101
BRF:53
BRH:42
end_of_record
TN:
SF:src\components\CascadingMenuItem.tsx
FN:10,(anonymous_7)
FN:16,(anonymous_8)
FNF:2
FNH:2
FNDA:87,(anonymous_7)
FNDA:3,(anonymous_8)
DA:5,3
DA:6,3
DA:8,3
DA:10,87
DA:11,85
DA:12,85
DA:13,85
DA:15,85
DA:17,3
DA:18,3
DA:19,3
DA:24,85
DA:25,17
DA:28,68
DA:29,1
DA:43,67
DA:44,66
DA:62,1
LF:18
LH:18
BRDA:12,0,0,0
BRDA:13,1,0,0
BRDA:17,2,0,0
BRDA:19,3,0,3
BRDA:24,4,0,17
BRDA:28,5,0,1
BRDA:43,6,0,66
BRDA:51,7,0,66
BRDA:51,7,1,8
BRDA:53,8,0,66
BRDA:53,8,1,10
BRF:11
BRH:8
end_of_record
TN:
SF:src\components\CascadingShared.tsx
FN:19,renderListItemIcon
FNF:1
FNH:1
FNDA:19,renderListItemIcon
DA:6,4
DA:7,4
DA:12,4
DA:14,4
DA:19,4
DA:20,19
LF:6
LH:6
BRDA:22,0,0,18
BRDA:22,0,1,1
BRF:2
BRH:2
end_of_record
TN:
SF:src\components\MainMenuRenderer.tsx
FN:13,(anonymous_1)
FN:16,(anonymous_2)
FNF:2
FNH:2
FNDA:48,(anonymous_1)
FNDA:83,(anonymous_2)
DA:5,2
DA:6,2
DA:7,2
DA:8,2
DA:10,2
DA:13,2
DA:14,48
DA:17,83
DA:22,83
LF:9
LH:9
BRDA:29,0,0,14
BRDA:29,0,1,69
BRDA:31,1,0,14
BRDA:31,1,1,69
BRF:4
BRH:4
end_of_record
TN:
SF:src\components\MenuBar.tsx
FN:12,(anonymous_0)
FNF:1
FNH:1
FNDA:30,(anonymous_0)
DA:7,1
DA:9,1
DA:10,1
DA:12,1
DA:13,30
DA:16,30
DA:18,30
DA:19,2
DA:26,28
DA:50,1
LF:10
LH:10
BRDA:12,0,0,1
BRDA:12,1,0,28
BRDA:13,2,0,29
BRDA:13,2,1,1
BRDA:18,3,0,2
BRF:5
BRH:5
end_of_record
TN:
SF:src\components\SubmenuRenderer.tsx
FN:12,SubmenuRenderer
FNF:1
FNH:1
FNDA:5,SubmenuRenderer
DA:6,1
DA:7,1
DA:8,1
DA:10,1
DA:12,1
DA:13,5
LF:6
LH:6
BRDA:21,0,0,5
BRDA:21,0,1,1
BRF:2
BRH:2
end_of_record
TN:
SF:src\utils\index.ts
FN:1,(anonymous_0)
FN:1,(anonymous_1)
FNF:2
FNH:2
FNDA:35,(anonymous_0)
FNDA:2,(anonymous_1)
DA:1,37
LF:1
LH:1
BRF:0
BRH:0
end_of_record
TN:
SF:src\utils\utils.ts
FN:15,hasShortcutAndAction
FN:26,(anonymous_1)
FN:27,(anonymous_2)
FN:29,(anonymous_3)
FN:30,(anonymous_4)
FN:42,(anonymous_5)
FN:47,(anonymous_6)
FN:60,(anonymous_7)
FN:66,normalizeShortcut
FN:73,(anonymous_9)
FN:97,(anonymous_10)
FN:103,eventToShortcut
FN:122,(anonymous_12)
FNF:13
FNH:13
FNDA:177,hasShortcutAndAction
FNDA:35,(anonymous_1)
FNDA:35,(anonymous_2)
FNDA:57,(anonymous_3)
FNDA:177,(anonymous_4)
FNDA:35,(anonymous_5)
FNDA:4,(anonymous_6)
FNDA:28,(anonymous_7)
FNDA:29,normalizeShortcut
FNDA:58,(anonymous_9)
FNDA:112,(anonymous_10)
FNDA:4,eventToShortcut
FNDA:2,(anonymous_12)
DA:7,2
DA:16,177
DA:26,2
DA:27,35
DA:28,35
DA:29,35
DA:30,57
DA:31,177
DA:32,29
DA:33,29
DA:34,28
DA:39,35
DA:42,35
DA:43,35
DA:44,7
DA:47,28
DA:48,4
DA:49,4
DA:50,1
DA:52,3
DA:53,3
DA:54,2
DA:55,2
DA:59,28
DA:60,28
DA:61,28
DA:67,29
DA:68,29
DA:69,28
DA:70,28
DA:71,28
DA:73,28
DA:74,58
DA:77,27
DA:78,27
DA:81,1
DA:82,1
DA:84,1
DA:85,1
DA:90,1
DA:91,1
DA:93,28
DA:97,112
DA:98,28
DA:99,28
DA:100,28
DA:104,4
DA:105,4
DA:106,4
DA:107,4
DA:108,4
DA:110,4
DA:111,4
DA:112,2
DA:114,2
DA:122,2
DA:123,2
LF:57
LH:57
BRDA:16,0,0,177
BRDA:16,0,1,127
BRDA:16,0,2,127
BRDA:16,0,3,127
BRDA:16,0,4,29
BRDA:31,1,0,29
BRDA:33,2,0,28
BRDA:43,3,0,7
BRDA:49,4,0,1
BRDA:53,5,0,2
BRDA:68,6,0,1
BRDA:74,7,0,27
BRDA:74,7,1,27
BRDA:74,7,2,0
BRDA:74,7,3,1
BRDA:74,7,4,1
BRDA:74,7,5,0
BRDA:74,7,6,0
BRDA:74,7,7,1
BRDA:74,7,8,1
BRDA:74,7,9,28
BRDA:98,8,0,28
BRDA:98,8,1,0
BRDA:99,9,0,0
BRDA:99,10,0,28
BRDA:99,10,1,0
BRDA:100,11,0,28
BRDA:100,11,1,0
BRDA:100,12,0,28
BRDA:100,12,1,0
BRDA:100,13,0,28
BRDA:100,13,1,0
BRDA:105,14,0,2
BRDA:106,15,0,1
BRDA:107,16,0,1
BRDA:108,17,0,1
BRDA:110,18,0,4
BRDA:110,18,1,1
BRDA:111,19,0,2
BRDA:111,20,0,4
BRDA:111,20,1,3
BRDA:111,20,2,2
BRDA:111,20,3,2
BRDA:111,20,4,2
BRDA:112,21,0,1
BRDA:112,21,1,1
BRDA:114,22,0,2
BRDA:114,22,1,0
BRF:48
BRH:38
end_of_record
