TN:
SF:src\components\CascadingMenu.tsx
FN:27,renderListItemIcon
FN:35,(anonymous_9)
FN:41,(anonymous_10)
FN:106,(anonymous_11)
FN:146,(anonymous_12)
FN:153,(anonymous_13)
FN:164,(anonymous_14)
FN:172,(anonymous_15)
FN:182,(anonymous_16)
FN:191,(anonymous_17)
FNF:10
FNH:9
FNDA:18,renderListItemIcon
FNDA:85,(anonymous_9)
FNDA:3,(anonymous_10)
FNDA:24,(anonymous_11)
FNDA:24,(anonymous_12)
FNDA:127,(anonymous_13)
FNDA:125,(anonymous_14)
FNDA:88,(anonymous_15)
FNDA:0,(anonymous_16)
FNDA:327,(anonymous_17)
DA:5,4
DA:6,4
DA:8,4
DA:9,4
DA:10,4
DA:13,4
DA:14,4
DA:17,4
DA:19,4
DA:21,4
DA:27,4
DA:28,18
DA:35,85
DA:36,83
DA:37,83
DA:38,83
DA:40,83
DA:42,3
DA:43,3
DA:44,3
DA:49,83
DA:50,17
DA:53,66
DA:54,1
DA:68,65
DA:69,65
DA:88,0
DA:89,0
DA:96,0
DA:106,4
DA:107,24
DA:108,24
DA:115,24
DA:117,24
DA:146,24
DA:153,4
DA:159,127
DA:160,125
DA:162,125
DA:163,125
DA:164,125
DA:171,125
DA:172,88
DA:182,125
DA:183,0
DA:184,0
DA:189,125
DA:192,327
DA:213,125
DA:260,4
LF:50
LH:45
BRDA:30,0,0,18
BRDA:30,0,1,0
BRDA:37,1,0,0
BRDA:38,2,0,0
BRDA:42,3,0,0
BRDA:44,4,0,3
BRDA:49,5,0,17
BRDA:53,6,0,1
BRDA:68,7,0,65
BRDA:76,8,0,65
BRDA:76,8,1,7
BRDA:78,9,0,65
BRDA:78,9,1,10
BRDA:88,10,0,0
BRDA:106,11,0,0
BRDA:115,12,0,23
BRDA:115,12,1,1
BRDA:125,13,0,24
BRDA:125,13,1,10
BRDA:157,14,0,101
BRDA:158,15,0,14
BRDA:159,16,0,124
BRDA:165,17,0,125
BRDA:165,17,1,88
BRDA:177,18,0,87
BRDA:177,18,1,1
BRDA:177,19,0,88
BRDA:177,19,1,88
BRDA:177,20,0,0
BRDA:177,20,1,88
BRDA:177,21,0,88
BRDA:177,21,1,88
BRDA:179,22,0,124
BRDA:179,22,1,1
BRDA:179,23,0,125
BRDA:179,23,1,125
BRDA:179,24,0,0
BRDA:179,24,1,125
BRDA:179,25,0,125
BRDA:179,25,1,125
BRDA:183,26,0,0
BRDA:183,27,0,0
BRDA:183,27,1,0
BRDA:192,28,0,53
BRDA:192,28,1,274
BRDA:213,29,0,24
BRDA:213,29,1,101
BRDA:218,30,0,0
BRDA:218,30,1,24
BRDA:218,31,0,24
BRDA:218,31,1,24
BRDA:239,32,0,0
BRDA:239,32,1,101
BRDA:239,33,0,101
BRDA:239,33,1,101
BRDA:244,34,0,0
BRDA:244,34,1,101
BRDA:244,35,0,101
BRDA:244,35,1,101
BRDA:247,36,0,0
BRDA:247,36,1,101
BRDA:247,37,0,101
BRDA:247,37,1,101
BRDA:252,38,0,0
BRDA:252,38,1,101
BRDA:252,39,0,101
BRDA:252,39,1,101
BRF:67
BRH:51
end_of_record
TN:
SF:src\components\MainMenuRenderer.tsx
FN:13,(anonymous_1)
FN:16,(anonymous_2)
FNF:2
FNH:2
FNDA:48,(anonymous_1)
FNDA:83,(anonymous_2)
DA:5,2
DA:6,2
DA:7,2
DA:8,2
DA:10,2
DA:13,2
DA:14,48
DA:17,83
DA:22,83
LF:9
LH:9
BRDA:29,0,0,14
BRDA:29,0,1,69
BRDA:31,1,0,14
BRDA:31,1,1,69
BRF:4
BRH:4
end_of_record
TN:
SF:src\components\MenuBar.tsx
FN:12,(anonymous_0)
FNF:1
FNH:1
FNDA:30,(anonymous_0)
DA:7,1
DA:9,1
DA:10,1
DA:12,1
DA:18,30
DA:21,30
DA:23,30
DA:24,2
DA:31,28
DA:51,1
LF:10
LH:10
BRDA:13,0,0,1
BRDA:18,1,0,29
BRDA:18,1,1,1
BRDA:23,2,0,2
BRF:4
BRH:4
end_of_record
TN:
SF:src\components\SubmenuRenderer.tsx
FN:12,SubmenuRenderer
FNF:1
FNH:1
FNDA:5,SubmenuRenderer
DA:6,4
DA:7,4
DA:8,4
DA:10,4
DA:12,4
DA:13,5
LF:6
LH:6
BRDA:21,0,0,5
BRDA:21,0,1,1
BRF:2
BRH:2
end_of_record
TN:
SF:src\utils\index.ts
FN:1,(anonymous_0)
FN:1,(anonymous_1)
FNF:2
FNH:2
FNDA:31,(anonymous_0)
FNDA:2,(anonymous_1)
DA:1,33
LF:1
LH:1
BRF:0
BRH:0
end_of_record
TN:
SF:src\utils\utils.ts
FN:14,hasShortcutAndAction
FN:25,(anonymous_1)
FN:26,(anonymous_2)
FN:27,(anonymous_3)
FN:31,(anonymous_4)
FN:47,(anonymous_5)
FNF:6
FNH:6
FNDA:173,hasShortcutAndAction
FNDA:31,(anonymous_1)
FNDA:53,(anonymous_2)
FNDA:173,(anonymous_3)
FNDA:1,(anonymous_4)
FNDA:2,(anonymous_5)
DA:6,2
DA:15,173
DA:25,2
DA:26,31
DA:27,53
DA:28,173
DA:29,25
DA:32,1
DA:33,1
DA:47,2
DA:48,2
LF:11
LH:11
BRDA:15,0,0,173
BRDA:15,0,1,123
BRDA:15,0,2,123
BRDA:15,0,3,123
BRDA:15,0,4,25
BRDA:28,1,0,25
BRF:6
BRH:6
end_of_record
